TN:
SF:main.js
FN:1,sum
FNF:1
FNH:1
FNDA:1,sum
DA:2,1
DA:5,1
LF:2
LH:2
BRF:0
BRH:0
end_of_record
TN:
SF:Section005\05-07-main.js
FN:3,printMonth
FNF:1
FNH:1
FNDA:12,printMonth
DA:1,1
DA:4,12
DA:5,12
DA:7,1
DA:8,1
DA:10,1
DA:11,1
DA:13,1
DA:14,1
DA:16,1
DA:17,1
DA:19,1
DA:20,1
DA:23,1
DA:24,1
DA:27,0
DA:28,0
DA:30,0
DA:31,0
DA:33,0
DA:34,0
DA:36,0
DA:37,0
DA:39,0
DA:40,0
DA:43,0
DA:44,0
DA:46,6
DA:48,12
DA:51,1
LF:30
LH:18
BRDA:5,0,0,1
BRDA:5,0,1,1
BRDA:5,0,2,1
BRDA:5,0,3,1
BRDA:5,0,4,1
BRDA:5,0,5,1
BRDA:5,0,6,0
BRDA:5,0,7,0
BRDA:5,0,8,0
BRDA:5,0,9,0
BRDA:5,0,10,0
BRDA:5,0,11,0
BRDA:5,0,12,6
BRF:13
BRH:7
end_of_record
TN:
SF:Section005\05-08-main-practice.js
FN:1,checkPostiveEven
FN:32,isPositiveEven
FNF:2
FNH:1
FNDA:7,checkPostiveEven
FNDA:0,isPositiveEven
DA:2,7
DA:3,5
DA:8,2
DA:9,1
DA:11,1
DA:13,2
DA:16,1
DA:33,0
DA:34,0
DA:35,0
DA:45,1
LF:11
LH:8
BRDA:2,0,0,5
BRDA:2,0,1,2
BRDA:2,1,0,7
BRDA:2,1,1,2
BRDA:8,2,0,1
BRDA:8,2,1,1
BRDA:8,3,0,2
BRDA:8,3,1,2
BRDA:34,4,0,0
BRDA:34,4,1,0
BRDA:34,5,0,0
BRDA:34,5,1,0
BRF:12
BRH:8
end_of_record
TN:
SF:Section005\05-09-main-practice.js
FN:2,classifyStudentV1
FN:22,classifyStudentV2
FN:38,classifyStudentV3
FNF:3
FNH:1
FNDA:0,classifyStudentV1
FNDA:0,classifyStudentV2
FNDA:44,classifyStudentV3
DA:3,0
DA:4,0
DA:6,0
DA:7,0
DA:9,0
DA:10,0
DA:12,0
DA:13,0
DA:15,0
DA:24,0
DA:25,0
DA:26,0
DA:27,0
DA:28,0
DA:29,0
DA:30,0
DA:31,0
DA:40,44
DA:41,8
DA:45,36
DA:46,8
DA:48,28
DA:49,8
DA:51,20
DA:52,4
DA:54,16
DA:55,16
DA:58,2
DA:59,2
DA:60,2
LF:30
LH:13
BRDA:3,0,0,0
BRDA:3,0,1,0
BRDA:3,1,0,0
BRDA:3,1,1,0
BRDA:6,2,0,0
BRDA:6,2,1,0
BRDA:6,3,0,0
BRDA:6,3,1,0
BRDA:9,4,0,0
BRDA:9,4,1,0
BRDA:9,5,0,0
BRDA:9,5,1,0
BRDA:12,6,0,0
BRDA:12,6,1,0
BRDA:12,7,0,0
BRDA:12,7,1,0
BRDA:24,8,0,0
BRDA:24,8,1,0
BRDA:24,9,0,0
BRDA:24,9,1,0
BRDA:26,10,0,0
BRDA:26,10,1,0
BRDA:28,11,0,0
BRDA:28,11,1,0
BRDA:28,12,0,0
BRDA:28,12,1,0
BRDA:30,13,0,0
BRDA:30,13,1,0
BRDA:30,14,0,0
BRDA:30,14,1,0
BRDA:40,15,0,8
BRDA:40,15,1,36
BRDA:40,16,0,44
BRDA:40,16,1,40
BRDA:45,17,0,8
BRDA:45,17,1,28
BRDA:48,18,0,8
BRDA:48,18,1,20
BRDA:51,19,0,4
BRDA:51,19,1,16
BRDA:54,20,0,16
BRDA:54,20,1,0
BRF:42
BRH:11
end_of_record
TN:
SF:Section005\05-10-main-practice.js
FN:1,errorCodeV1
FN:29,errorCodeV2
FNF:2
FNH:1
FNDA:9,errorCodeV1
FNDA:0,errorCodeV2
DA:2,9
DA:3,5
DA:7,4
DA:9,1
DA:10,1
DA:12,1
DA:13,1
DA:15,1
DA:16,1
DA:18,1
DA:20,4
DA:30,0
DA:32,0
DA:34,0
DA:36,0
DA:38,0
DA:41,1
LF:17
LH:12
BRDA:2,0,0,5
BRDA:2,0,1,4
BRDA:7,1,0,1
BRDA:7,1,1,1
BRDA:7,1,2,1
BRDA:7,1,3,1
BRDA:30,2,0,0
BRDA:30,2,1,0
BRDA:30,2,2,0
BRDA:30,2,3,0
BRF:10
BRH:6
end_of_record
TN:
SF:Section005\05-exercise-01.js
FN:3,getTicketPrice
FNF:1
FNH:1
FNDA:12,getTicketPrice
DA:4,12
DA:5,4
DA:8,8
DA:9,2
DA:12,6
DA:13,2
DA:15,4
DA:16,2
DA:18,2
DA:23,1
LF:10
LH:10
BRDA:4,0,0,4
BRDA:4,0,1,8
BRDA:8,1,0,2
BRDA:8,1,1,6
BRDA:8,2,0,8
BRDA:8,2,1,7
BRDA:12,3,0,2
BRDA:12,3,1,4
BRDA:12,4,0,6
BRDA:12,4,1,5
BRDA:15,5,0,2
BRDA:15,5,1,2
BRDA:15,6,0,4
BRDA:15,6,1,4
BRF:14
BRH:14
end_of_record
TN:
SF:Section005\05-exercise-02.js
FN:1,sayHello
FNF:1
FNH:1
FNDA:23,sayHello
DA:2,23
DA:3,8
DA:6,15
DA:8,2
DA:10,2
DA:12,2
DA:14,2
DA:16,2
DA:18,1
DA:20,4
DA:24,1
DA:26,1
DA:27,1
DA:28,1
DA:29,1
DA:30,1
DA:31,1
DA:32,1
DA:33,1
DA:34,1
DA:35,1
DA:36,1
LF:22
LH:22
BRDA:2,0,0,8
BRDA:2,0,1,15
BRDA:6,1,0,2
BRDA:6,1,1,2
BRDA:6,1,2,2
BRDA:6,1,3,2
BRDA:6,1,4,2
BRDA:6,1,5,1
BRDA:6,1,6,4
BRF:9
BRH:9
end_of_record
TN:
SF:Section006\06-06-main-v2.js
FN:1,randomNumberFromAtoB
FNF:1
FNH:1
FNDA:5,randomNumberFromAtoB
DA:2,5
DA:3,3
DA:6,2
DA:9,1
LF:4
LH:4
BRDA:2,0,0,3
BRDA:2,0,1,2
BRDA:2,1,0,5
BRDA:2,1,1,3
BRDA:2,1,2,2
BRF:5
BRH:5
end_of_record
TN:
SF:Section006\06-06-main.js
FN:4,randomNumberN
FNF:1
FNH:1
FNDA:6,randomNumberN
DA:5,6
DA:6,2
DA:9,4
DA:10,2
DA:13,2
DA:31,1
LF:6
LH:6
BRDA:5,0,0,2
BRDA:5,0,1,4
BRDA:9,1,0,2
BRDA:9,1,1,2
BRF:4
BRH:4
end_of_record
TN:
SF:Section009\09-07-main-practice-01.js
FN:17,checkIfAllEven
FNF:1
FNH:1
FNDA:9,checkIfAllEven
DA:16,1
DA:18,9
DA:19,5
DA:22,4
DA:23,1
DA:26,3
DA:27,7
DA:28,2
DA:31,1
DA:33,1
LF:10
LH:10
BRDA:18,0,0,5
BRDA:18,0,1,4
BRDA:22,1,0,1
BRDA:22,1,1,3
BRDA:27,2,0,2
BRDA:27,2,1,5
BRF:6
BRH:6
end_of_record
TN:
SF:Section011\11-02-main.js
FN:1,SumSnV1
FN:26,SumSnV2
FNF:2
FNH:1
FNDA:0,SumSnV1
FNDA:22,SumSnV2
DA:2,0
DA:3,0
DA:6,0
DA:7,0
DA:10,0
DA:11,0
DA:14,0
DA:15,0
DA:18,0
DA:19,0
DA:20,0
DA:23,0
DA:27,22
DA:28,8
DA:31,14
DA:32,2
DA:35,12
DA:36,4
DA:39,12
DA:40,2
DA:43,10
DA:46,1
DA:47,1
LF:23
LH:11
BRDA:2,0,0,0
BRDA:2,0,1,0
BRDA:6,1,0,0
BRDA:6,1,1,0
BRDA:10,2,0,0
BRDA:10,2,1,0
BRDA:14,3,0,0
BRDA:14,3,1,0
BRDA:27,4,0,8
BRDA:27,4,1,14
BRDA:31,5,0,2
BRDA:31,5,1,12
BRDA:35,6,0,4
BRDA:35,6,1,8
BRDA:39,7,0,2
BRDA:39,7,1,10
BRF:16
BRH:8
end_of_record
